<?xml version="1.0" encoding="UTF-8"?>
<!-- Generated by org.testng.reporters.JUnitXMLReporter -->
<testsuite hostname="BhargaviYembar" ignored="0" name="parallel search" tests="5" failures="1" timestamp="26 Jul 2018 05:59:00 GMT" time="43.088" errors="0">
  <testcase name="exit" time="0.016" classname="testng.Prepostconditions">
    <failure type="java.lang.NullPointerException">
      <![CDATA[java.lang.NullPointerException
at testng.Prepostconditions.exit(Prepostconditions.java:25)
at java.util.concurrent.FutureTask.run(Unknown Source)
at java.util.concurrent.ThreadPoolExecutor.runWorker(Unknown Source)
at java.util.concurrent.ThreadPoolExecutor$Worker.run(Unknown Source)
at java.lang.Thread.run(Unknown Source)
... Removed 16 stack frames]]>
    </failure>
  </testcase> <!-- exit -->
  <testcase name="setup" time="13.811" classname="testng.Prepostconditions"/>
  <testcase name="laptopssearch" time="13.031" classname="testng2.Groupingtestngexample"/>
  <testcase name="exit" time="1.268" classname="testng.Prepostconditions"/>
  <testcase name="setup" time="14.917" classname="testng.Prepostconditions"/>
</testsuite> <!-- parallel search -->
