<?xml version="1.0" encoding="UTF-8"?>
<!-- Generated by org.testng.reporters.JUnitXMLReporter -->
<testsuite hostname="BhargaviYembar" ignored="3" tests="0" failures="0" timestamp="24 Jul 2018 07:53:30 GMT" time="0.007" errors="0">
  <testcase name="openbrowser" time="0.0" classname="testng.Testngexample">
    <ignored/>
  </testcase> <!-- openbrowser -->
  <testcase name="openurl" time="0.0" classname="testng.Testngexample">
    <ignored/>
  </testcase> <!-- openurl -->
  <testcase name="pagevalidation" time="0.0" classname="testng.Testngexample">
    <ignored/>
  </testcase> <!-- pagevalidation -->
</testsuite>
