<?xml version="1.0" encoding="UTF-8"?>
<!-- Generated by org.testng.reporters.JUnitXMLReporter -->
<testsuite hostname="BhargaviYembar" ignored="0" name="parallel search" tests="3" failures="0" timestamp="26 Jul 2018 06:59:31 GMT" time="14.394" errors="0">
  <testcase name="openbrowser" time="8.409" classname="testng.Testngexample"/>
  <testcase name="openurl" time="2.756" classname="testng.Testngexample"/>
  <testcase name="search" time="3.187" classname="testng.Testngexample"/>
</testsuite> <!-- parallel search -->
