<?xml version="1.0" encoding="UTF-8"?>
<!-- Generated by org.testng.reporters.JUnitXMLReporter -->
<testsuite hostname="BhargaviYembar" ignored="0" name="seleniumhqsearch" tests="4" failures="0" timestamp="27 Jul 2018 06:32:19 GMT" time="72.053" errors="0">
  <testcase name="setup" time="17.249" classname="testng.Prepostconditions"/>
  <testcase name="laptopssearch" time="22.481" classname="testng2.Groupingtestngexample"/>
  <testcase name="seleniumhqsearch" time="21.436" classname="testng.Testingppconditions"/>
  <testcase name="setup" time="10.849" classname="testng.Prepostconditions"/>
</testsuite> <!-- seleniumhqsearch -->
